2025-04-10 09:26:17,458 - INFO - Fetched stock data for TQQQ
2025-04-10 09:26:17,470 - INFO -                                 Open       High        Low      Close       Volume  Percent Change  Overnight Percent Change
Date                                                                                                                        
2024-04-10 00:00:00-04:00  57.589186  58.497033  57.293149  58.151657          NaN        0.009767                       NaN
2024-04-11 00:00:00-04:00  58.822675  61.240317  57.904958  60.885071  101040300.0        0.035061                  0.011539
2024-04-12 00:00:00-04:00  59.089106  59.552896  57.352350  57.944427   73465600.0       -0.019372                 -0.029498
2024-04-15 00:00:00-04:00  59.404883  59.434486  54.707751  55.033394   86015900.0       -0.073588                  0.025204
2024-04-16 00:00:00-04:00  54.954451  56.059661  54.510398  55.043262  101828100.0        0.001616                 -0.001434
...                              ...        ...        ...        ...          ...             ...                       ...
2025-04-04 00:00:00-04:00  45.990002  46.779999  41.029999  41.090000  140115700.0       -0.106545                 -0.085686
2025-04-07 00:00:00-04:00  36.750000  46.830002  35.000000  41.250000  258026700.0        0.122449                 -0.105622
2025-04-08 00:00:00-04:00  45.389999  46.810001  37.099998  38.900002  395727600.0       -0.142983                  0.100364
2025-04-09 00:00:00-04:00  38.759998  53.410000  38.730000  52.610001  251147700.0        0.357327                 -0.003599
2025-04-10 00:00:00-04:00  48.680000  49.340000  46.871201  48.205002  354518200.0       -0.009758                 -0.074701

[252 rows x 7 columns]
2025-04-10 09:26:17,669 - INFO - Starting opening script
2025-04-10 09:26:25,428 - INFO - Top features: ['volume_em', 'momentum_stoch', 'volatility_dcp', 'momentum_wr', 'volatility_kcp', 'momentum_stoch_rsi', 'volume_fi', 'volatility_bbp', 'Overnight Percent Change', 'momentum_stoch_rsi_d']
2025-04-10 09:26:25,429 - INFO - Prediction: 1
2025-04-10 09:26:25,429 - INFO - Available Cash: 25000
2025-04-10 09:26:25,429 - INFO - Entry Price: 48.68000030517578
2025-04-10 09:26:25,429 - INFO - Number of shares: 509
2025-04-10 09:26:25,430 - INFO - Order Type: BUY
2025-04-10 09:26:25,434 - INFO - Placing order
2025-04-10 13:50:16,477 - INFO - Program starting
2025-04-10 13:50:18,384 - INFO - Fetched stock data for TQQQ
2025-04-10 13:50:18,506 - INFO - Starting closing script
2025-04-10 13:50:18,507 - INFO - Order Type: BUY detected, selling to exit.
2025-04-10 13:50:18,558 - INFO - Current positions:
2025-04-10 13:50:18,558 - INFO - [{   'asset_class': <AssetClass.US_EQUITY: 'us_equity'>,
    'asset_id': UUID('dce2ac30-c928-4416-be25-2213d057f30a'),
    'asset_marginable': False,
    'avg_entry_price': '48.19',
    'avg_entry_swap_rate': None,
    'change_today': '-0.1072058544003041',
    'cost_basis': '24528.71',
    'current_price': '46.9699',
    'exchange': <AssetExchange.NASDAQ: 'NASDAQ'>,
    'lastday_price': '52.61',
    'market_value': '23907.6791',
    'qty': '509',
    'qty_available': '509',
    'side': <PositionSide.LONG: 'long'>,
    'swap_rate': None,
    'symbol': 'TQQQ',
    'unrealized_intraday_pl': '-621.0309',
    'unrealized_intraday_plpc': '-0.0253185308155219',
    'unrealized_pl': '-621.0309',
    'unrealized_plpc': '-0.0253185308155219',
    'usd': None}]
2025-04-10 13:50:18,558 - INFO - Current position quantity: 509
2025-04-10 13:50:18,559 - INFO - Placing order
